<component name="libraryTable">
  <library name="junit:junit:4.10" type="repository">
    <properties maven-id="junit:junit:4.10" />
    <CLASSES>
      <root url="jar://$PROJECT_DIR$/lib/junit-4.10.jar!/" />
      <root url="jar://$PROJECT_DIR$/lib/hamcrest-core-1.1.jar!/" />
    </CLASSES>
    <JAVADOC />
    <SOURCES />
  </library>
</component>